# JRE version: OpenJDK Runtime Environment (11.0.10) (build 11.0.10+0-b96-7249189)
# Java VM: OpenJDK 64-Bit Server VM (11.0.10+0-b96-7249189, mixed mode, tiered, compressed oops, g1 gc, windows-amd64)
Heap:
 garbage-first heap   total 207872K, used 147188K [0x00000000a0000000, 0x0000000100000000)
  region size 1024K, 29 young (29696K), 1 survivors (1024K)
 Metaspace       used 125629K, capacity 129495K, committed 130256K, reserved 1163264K
  class space    used 15457K, capacity 16769K, committed 17024K, reserved 1048576K
GC Heap History (20 events):
Event: 432.145 GC heap before
{Heap before GC invocations=58 (full 0):
 garbage-first heap   total 157696K, used 131891K [0x00000000a0000000, 0x0000000100000000)
  region size 1024K, 24 young (24576K), 2 survivors (2048K)
 Metaspace       used 121421K, capacity 125331K, committed 125520K, reserved 1159168K
  class space    used 15038K, capacity 16370K, committed 16384K, reserved 1048576K
}
Event: 432.154 GC heap after
{Heap after GC invocations=59 (full 0):
 garbage-first heap   total 157696K, used 113664K [0x00000000a0000000, 0x0000000100000000)
  region size 1024K, 3 young (3072K), 3 survivors (3072K)
 Metaspace       used 121421K, capacity 125331K, committed 125520K, reserved 1159168K
  class space    used 15038K, capacity 16370K, committed 16384K, reserved 1048576K
}
Event: 432.358 GC heap before
{Heap before GC invocations=59 (full 0):
 garbage-first heap   total 157696K, used 133120K [0x00000000a0000000, 0x0000000100000000)
  region size 1024K, 22 young (22528K), 3 survivors (3072K)
 Metaspace       used 122936K, capacity 126910K, committed 127056K, reserved 1159168K
  class space    used 15240K, capacity 16613K, committed 16640K, reserved 1048576K
}
Event: 432.365 GC heap after
{Heap after GC invocations=60 (full 0):
 garbage-first heap   total 157696K, used 114529K [0x00000000a0000000, 0x0000000100000000)
  region size 1024K, 1 young (1024K), 1 survivors (1024K)
 Metaspace       used 122936K, capacity 126910K, committed 127056K, reserved 1159168K
  class space    used 15240K, capacity 16613K, committed 16640K, reserved 1048576K
}
Event: 432.730 GC heap before
{Heap before GC invocations=61 (full 0):
 garbage-first heap   total 157696K, used 132961K [0x00000000a0000000, 0x0000000100000000)
  region size 1024K, 20 young (20480K), 1 survivors (1024K)
 Metaspace       used 123936K, capacity 127997K, committed 128208K, reserved 1161216K
  class space    used 15340K, capacity 16729K, committed 16768K, reserved 1048576K
}
Event: 432.734 GC heap after
{Heap after GC invocations=62 (full 0):
 garbage-first heap   total 157696K, used 115111K [0x00000000a0000000, 0x0000000100000000)
  region size 1024K, 2 young (2048K), 2 survivors (2048K)
 Metaspace       used 123936K, capacity 127997K, committed 128208K, reserved 1161216K
  class space    used 15340K, capacity 16729K, committed 16768K, reserved 1048576K
}
Event: 432.801 GC heap before
{Heap before GC invocations=62 (full 0):
 garbage-first heap   total 157696K, used 120231K [0x00000000a0000000, 0x0000000100000000)
  region size 1024K, 7 young (7168K), 2 survivors (2048K)
 Metaspace       used 124158K, capacity 128197K, committed 128464K, reserved 1161216K
  class space    used 15363K, capacity 16731K, committed 16768K, reserved 1048576K
}
Event: 432.811 GC heap after
{Heap after GC invocations=63 (full 0):
 garbage-first heap   total 157696K, used 102971K [0x00000000a0000000, 0x0000000100000000)
  region size 1024K, 1 young (1024K), 1 survivors (1024K)
 Metaspace       used 124158K, capacity 128197K, committed 128464K, reserved 1161216K
  class space    used 15363K, capacity 16731K, committed 16768K, reserved 1048576K
}
Event: 432.864 GC heap before
{Heap before GC invocations=63 (full 0):
 garbage-first heap   total 157696K, used 109115K [0x00000000a0000000, 0x0000000100000000)
  region size 1024K, 7 young (7168K), 1 survivors (1024K)
 Metaspace       used 124213K, capacity 128267K, committed 128464K, reserved 1161216K
  class space    used 15364K, capacity 16732K, committed 16768K, reserved 1048576K
}
Event: 432.869 GC heap after
{Heap after GC invocations=64 (full 0):
 garbage-first heap   total 157696K, used 103286K [0x00000000a0000000, 0x0000000100000000)
  region size 1024K, 1 young (1024K), 1 survivors (1024K)
 Metaspace       used 124213K, capacity 128267K, committed 128464K, reserved 1161216K
  class space    used 15364K, capacity 16732K, committed 16768K, reserved 1048576K
}
Event: 433.172 GC heap before
{Heap before GC invocations=64 (full 0):
 garbage-first heap   total 157696K, used 127862K [0x00000000a0000000, 0x0000000100000000)
  region size 1024K, 25 young (25600K), 1 survivors (1024K)
 Metaspace       used 124939K, capacity 128987K, committed 129104K, reserved 1161216K
  class space    used 15451K, capacity 16819K, committed 16896K, reserved 1048576K
}
Event: 433.176 GC heap after
{Heap after GC invocations=65 (full 0):
 garbage-first heap   total 157696K, used 106560K [0x00000000a0000000, 0x0000000100000000)
  region size 1024K, 3 young (3072K), 3 survivors (3072K)
 Metaspace       used 124939K, capacity 128987K, committed 129104K, reserved 1161216K
  class space    used 15451K, capacity 16819K, committed 16896K, reserved 1048576K
}
Event: 433.404 GC heap before
{Heap before GC invocations=65 (full 0):
 garbage-first heap   total 157696K, used 114752K [0x00000000a0000000, 0x0000000100000000)
  region size 1024K, 12 young (12288K), 3 survivors (3072K)
 Metaspace       used 125500K, capacity 129526K, committed 129744K, reserved 1163264K
  class space    used 15550K, capacity 16929K, committed 17024K, reserved 1048576K
}
Event: 433.407 GC heap after
{Heap after GC invocations=66 (full 0):
 garbage-first heap   total 157696K, used 106694K [0x00000000a0000000, 0x0000000100000000)
  region size 1024K, 1 young (1024K), 1 survivors (1024K)
 Metaspace       used 125500K, capacity 129526K, committed 129744K, reserved 1163264K
  class space    used 15550K, capacity 16929K, committed 17024K, reserved 1048576K
}
Event: 433.607 GC heap before
{Heap before GC invocations=66 (full 0):
 garbage-first heap   total 157696K, used 134342K [0x00000000a0000000, 0x0000000100000000)
  region size 1024K, 25 young (25600K), 1 survivors (1024K)
 Metaspace       used 125453K, capacity 129240K, committed 130000K, reserved 1163264K
  class space    used 15450K, capacity 16732K, committed 17024K, reserved 1048576K
}
Event: 433.619 GC heap after
{Heap after GC invocations=67 (full 0):
 garbage-first heap   total 157696K, used 119764K [0x00000000a0000000, 0x0000000100000000)
  region size 1024K, 4 young (4096K), 4 survivors (4096K)
 Metaspace       used 125453K, capacity 129240K, committed 130000K, reserved 1163264K
  class space    used 15450K, capacity 16732K, committed 17024K, reserved 1048576K
}
Event: 433.704 GC heap before
{Heap before GC invocations=68 (full 0):
 garbage-first heap   total 157696K, used 131028K [0x00000000a0000000, 0x0000000100000000)
  region size 1024K, 16 young (16384K), 4 survivors (4096K)
 Metaspace       used 125554K, capacity 129419K, committed 130256K, reserved 1163264K
  class space    used 15455K, capacity 16767K, committed 17024K, reserved 1048576K
}
Event: 433.719 GC heap after
{Heap after GC invocations=69 (full 0):
 garbage-first heap   total 157696K, used 123269K [0x00000000a0000000, 0x0000000100000000)
  region size 1024K, 2 young (2048K), 2 survivors (2048K)
 Metaspace       used 125554K, capacity 129419K, committed 130256K, reserved 1163264K
  class space    used 15455K, capacity 16767K, committed 17024K, reserved 1048576K
}
Event: 433.764 GC heap before
{Heap before GC invocations=69 (full 0):
 garbage-first heap   total 157696K, used 128389K [0x00000000a0000000, 0x0000000100000000)
  region size 1024K, 7 young (7168K), 2 survivors (2048K)
 Metaspace       used 125572K, capacity 129426K, committed 130256K, reserved 1163264K
  class space    used 15457K, capacity 16769K, committed 17024K, reserved 1048576K
}
Event: 433.779 GC heap after
{Heap after GC invocations=70 (full 0):
 garbage-first heap   total 207872K, used 120564K [0x00000000a0000000, 0x0000000100000000)
  region size 1024K, 1 young (1024K), 1 survivors (1024K)
 Metaspace       used 125572K, capacity 129426K, committed 130256K, reserved 1163264K
  class space    used 15457K, capacity 16769K, committed 17024K, reserved 1048576K
}

